<?xml version="1.0" encoding="UTF-8"?>
<testsuites>
  <testsuite name="" tests="10" assertions="27" errors="1" warnings="0" failures="0" skipped="0" time="0.001536">
    <testsuite name="failed_tests" tests="5" assertions="12" errors="1" warnings="0" failures="0" skipped="0" time="0.001298">
      <testsuite name="Tests\Scripts\Zubair\UserFailedTests" file="/Users/joshuauzzell/Sites/_prototypes/protools_framework/tests/scripts/Zubair/UserFailedTests.php" tests="5" assertions="12" errors="1" warnings="0" failures="0" skipped="0" time="0.001298">
        <testcase name="testClassConstructor" class="Tests\Scripts\Zubair\UserFailedTests" classname="Tests.Scripts.Zubair.UserFailedTests" file="/Users/joshuauzzell/Sites/_prototypes/protools_framework/tests/scripts/Zubair/UserFailedTests.php" line="9" assertions="3" time="0.000873"/>
        <testcase name="testTellName" class="Tests\Scripts\Zubair\UserFailedTests" classname="Tests.Scripts.Zubair.UserFailedTests" file="/Users/joshuauzzell/Sites/_prototypes/protools_framework/tests/scripts/Zubair/UserFailedTests.php" line="18" assertions="2" time="0.000126"/>
        <testcase name="testTellAge" class="Tests\Scripts\Zubair\UserFailedTests" classname="Tests.Scripts.Zubair.UserFailedTests" file="/Users/joshuauzzell/Sites/_prototypes/protools_framework/tests/scripts/Zubair/UserFailedTests.php" line="26" assertions="2" time="0.000025"/>
        <testcase name="testAddFavoriteMovie" class="Tests\Scripts\Zubair\UserFailedTests" classname="Tests.Scripts.Zubair.UserFailedTests" file="/Users/joshuauzzell/Sites/_prototypes/protools_framework/tests/scripts/Zubair/UserFailedTests.php" line="34" assertions="3" time="0.000138"/>
        <testcase name="testRemoveFavoriteMovie" class="Tests\Scripts\Zubair\UserFailedTests" classname="Tests.Scripts.Zubair.UserFailedTests" file="/Users/joshuauzzell/Sites/_prototypes/protools_framework/tests/scripts/Zubair/UserFailedTests.php" line="43" assertions="2" time="0.000136">
          <error type="InvalidArgumentException">Tests\Scripts\Zubair\UserFailedTests::testRemoveFavoriteMovie
InvalidArgumentException: Unknown movie: Avengers

/Users/joshuauzzell/Sites/_prototypes/protools_framework/tests/scripts/zubair/User.php:42
/Users/joshuauzzell/Sites/_prototypes/protools_framework/tests/scripts/Zubair/UserFailedTests.php:50</error>
        </testcase>
      </testsuite>
    </testsuite>
    <testsuite name="successful_test" tests="5" assertions="15" errors="0" warnings="0" failures="0" skipped="0" time="0.000238">
      <testsuite name="Tests\Scripts\Zubair\UserTest" file="/Users/joshuauzzell/Sites/_prototypes/protools_framework/tests/scripts/Zubair/UserTest.php" tests="5" assertions="15" errors="0" warnings="0" failures="0" skipped="0" time="0.000238">
        <testcase name="testClassConstructor" class="Tests\Scripts\Zubair\UserTest" classname="Tests.Scripts.Zubair.UserTest" file="/Users/joshuauzzell/Sites/_prototypes/protools_framework/tests/scripts/Zubair/UserTest.php" line="9" assertions="3" time="0.000027"/>
        <testcase name="testTellName" class="Tests\Scripts\Zubair\UserTest" classname="Tests.Scripts.Zubair.UserTest" file="/Users/joshuauzzell/Sites/_prototypes/protools_framework/tests/scripts/Zubair/UserTest.php" line="18" assertions="2" time="0.000023"/>
        <testcase name="testTellAge" class="Tests\Scripts\Zubair\UserTest" classname="Tests.Scripts.Zubair.UserTest" file="/Users/joshuauzzell/Sites/_prototypes/protools_framework/tests/scripts/Zubair/UserTest.php" line="26" assertions="2" time="0.000020"/>
        <testcase name="testAddFavoriteMovie" class="Tests\Scripts\Zubair\UserTest" classname="Tests.Scripts.Zubair.UserTest" file="/Users/joshuauzzell/Sites/_prototypes/protools_framework/tests/scripts/Zubair/UserTest.php" line="34" assertions="3" time="0.000021"/>
        <testcase name="testRemoveFavoriteMovie" class="Tests\Scripts\Zubair\UserTest" classname="Tests.Scripts.Zubair.UserTest" file="/Users/joshuauzzell/Sites/_prototypes/protools_framework/tests/scripts/Zubair/UserTest.php" line="43" assertions="5" time="0.000147"/>
      </testsuite>
    </testsuite>
  </testsuite>
</testsuites>
