<?xml version="1.0" encoding="UTF-8"?>
<testsuites>
  <testsuite name="" tests="10" assertions="27" errors="1" warnings="0" failures="0" skipped="0" time="0.005966">
    <testsuite name="failed_tests" tests="10" assertions="27" errors="1" warnings="0" failures="0" skipped="0" time="0.005966">
      <testsuite name="Tests\Scripts\Zubair\UserFailedTests" file="/Users/joshuauzzell/Sites/_prototypes/protools_framework/tests/scripts/Zubair/UserFailedTests.php" tests="5" assertions="12" errors="1" warnings="0" failures="0" skipped="0" time="0.005263">
        <testcase name="testClassConstructor" class="Tests\Scripts\Zubair\UserFailedTests" classname="Tests.Scripts.Zubair.UserFailedTests" file="/Users/joshuauzzell/Sites/_prototypes/protools_framework/tests/scripts/Zubair/UserFailedTests.php" line="9" assertions="3" time="0.003625"/>
        <testcase name="testTellName" class="Tests\Scripts\Zubair\UserFailedTests" classname="Tests.Scripts.Zubair.UserFailedTests" file="/Users/joshuauzzell/Sites/_prototypes/protools_framework/tests/scripts/Zubair/UserFailedTests.php" line="18" assertions="2" time="0.000475"/>
        <testcase name="testTellAge" class="Tests\Scripts\Zubair\UserFailedTests" classname="Tests.Scripts.Zubair.UserFailedTests" file="/Users/joshuauzzell/Sites/_prototypes/protools_framework/tests/scripts/Zubair/UserFailedTests.php" line="26" assertions="2" time="0.000028"/>
        <testcase name="testAddFavoriteMovie" class="Tests\Scripts\Zubair\UserFailedTests" classname="Tests.Scripts.Zubair.UserFailedTests" file="/Users/joshuauzzell/Sites/_prototypes/protools_framework/tests/scripts/Zubair/UserFailedTests.php" line="34" assertions="3" time="0.000576"/>
        <testcase name="testRemoveFavoriteMovie" class="Tests\Scripts\Zubair\UserFailedTests" classname="Tests.Scripts.Zubair.UserFailedTests" file="/Users/joshuauzzell/Sites/_prototypes/protools_framework/tests/scripts/Zubair/UserFailedTests.php" line="43" assertions="2" time="0.000559">
          <error type="InvalidArgumentException">Tests\Scripts\Zubair\UserFailedTests::testRemoveFavoriteMovie
InvalidArgumentException: Unknown movie: Avengers

/Users/joshuauzzell/Sites/_prototypes/protools_framework/tests/scripts/zubair/User.php:42
/Users/joshuauzzell/Sites/_prototypes/protools_framework/tests/scripts/Zubair/UserFailedTests.php:50</error>
        </testcase>
      </testsuite>
      <testsuite name="Tests\Scripts\Zubair\UserTest" file="/Users/joshuauzzell/Sites/_prototypes/protools_framework/tests/scripts/Zubair/UserTest.php" tests="5" assertions="15" errors="0" warnings="0" failures="0" skipped="0" time="0.000703">
        <testcase name="testClassConstructor" class="Tests\Scripts\Zubair\UserTest" classname="Tests.Scripts.Zubair.UserTest" file="/Users/joshuauzzell/Sites/_prototypes/protools_framework/tests/scripts/Zubair/UserTest.php" line="9" assertions="3" time="0.000034"/>
        <testcase name="testTellName" class="Tests\Scripts\Zubair\UserTest" classname="Tests.Scripts.Zubair.UserTest" file="/Users/joshuauzzell/Sites/_prototypes/protools_framework/tests/scripts/Zubair/UserTest.php" line="18" assertions="2" time="0.000026"/>
        <testcase name="testTellAge" class="Tests\Scripts\Zubair\UserTest" classname="Tests.Scripts.Zubair.UserTest" file="/Users/joshuauzzell/Sites/_prototypes/protools_framework/tests/scripts/Zubair/UserTest.php" line="26" assertions="2" time="0.000023"/>
        <testcase name="testAddFavoriteMovie" class="Tests\Scripts\Zubair\UserTest" classname="Tests.Scripts.Zubair.UserTest" file="/Users/joshuauzzell/Sites/_prototypes/protools_framework/tests/scripts/Zubair/UserTest.php" line="34" assertions="3" time="0.000023"/>
        <testcase name="testRemoveFavoriteMovie" class="Tests\Scripts\Zubair\UserTest" classname="Tests.Scripts.Zubair.UserTest" file="/Users/joshuauzzell/Sites/_prototypes/protools_framework/tests/scripts/Zubair/UserTest.php" line="43" assertions="5" time="0.000596"/>
      </testsuite>
    </testsuite>
  </testsuite>
</testsuites>
