<?xml version="1.0" encoding="UTF-8"?>
<testsuites>
  <testsuite name="Tests\Scripts\Zubair\UserFailedTests" file="/Users/joshuauzzell/Sites/_prototypes/protools_framework/tests/scripts/Zubair/UserFailedTests.php" tests="5" assertions="12" errors="1" warnings="0" failures="0" skipped="0" time="0.006154">
    <testcase name="testClassConstructor" class="Tests\Scripts\Zubair\UserFailedTests" classname="Tests.Scripts.Zubair.UserFailedTests" file="/Users/joshuauzzell/Sites/_prototypes/protools_framework/tests/scripts/Zubair/UserFailedTests.php" line="9" assertions="3" time="0.004007"/>
    <testcase name="testTellName" class="Tests\Scripts\Zubair\UserFailedTests" classname="Tests.Scripts.Zubair.UserFailedTests" file="/Users/joshuauzzell/Sites/_prototypes/protools_framework/tests/scripts/Zubair/UserFailedTests.php" line="18" assertions="2" time="0.000543"/>
    <testcase name="testTellAge" class="Tests\Scripts\Zubair\UserFailedTests" classname="Tests.Scripts.Zubair.UserFailedTests" file="/Users/joshuauzzell/Sites/_prototypes/protools_framework/tests/scripts/Zubair/UserFailedTests.php" line="26" assertions="2" time="0.000052"/>
    <testcase name="testAddFavoriteMovie" class="Tests\Scripts\Zubair\UserFailedTests" classname="Tests.Scripts.Zubair.UserFailedTests" file="/Users/joshuauzzell/Sites/_prototypes/protools_framework/tests/scripts/Zubair/UserFailedTests.php" line="34" assertions="3" time="0.000743"/>
    <testcase name="testRemoveFavoriteMovie" class="Tests\Scripts\Zubair\UserFailedTests" classname="Tests.Scripts.Zubair.UserFailedTests" file="/Users/joshuauzzell/Sites/_prototypes/protools_framework/tests/scripts/Zubair/UserFailedTests.php" line="43" assertions="2" time="0.000808">
      <error type="InvalidArgumentException">Tests\Scripts\Zubair\UserFailedTests::testRemoveFavoriteMovie
InvalidArgumentException: Unknown movie: Avengers

/Users/joshuauzzell/Sites/_prototypes/protools_framework/tests/scripts/zubair/User.php:42
/Users/joshuauzzell/Sites/_prototypes/protools_framework/tests/scripts/Zubair/UserFailedTests.php:50</error>
    </testcase>
  </testsuite>
</testsuites>
