<?xml version="1.0" encoding="UTF-8"?>
<testsuites>
  <testsuite name="Tests\Scripts\Zubair\UserTest" file="/Users/joshuauzzell/Sites/_prototypes/protools_framework/tests/scripts/zubair/UserTest.php" tests="5" assertions="15" errors="0" warnings="0" failures="0" skipped="0" time="0.004607">
    <testcase name="testClassConstructor" class="Tests\Scripts\Zubair\UserTest" classname="Tests.Scripts.Zubair.UserTest" file="/Users/joshuauzzell/Sites/_prototypes/protools_framework/tests/scripts/zubair/UserTest.php" line="52" assertions="3" time="0.002871"/>
    <testcase name="testTellName" class="Tests\Scripts\Zubair\UserTest" classname="Tests.Scripts.Zubair.UserTest" file="/Users/joshuauzzell/Sites/_prototypes/protools_framework/tests/scripts/zubair/UserTest.php" line="61" assertions="2" time="0.000599"/>
    <testcase name="testTellAge" class="Tests\Scripts\Zubair\UserTest" classname="Tests.Scripts.Zubair.UserTest" file="/Users/joshuauzzell/Sites/_prototypes/protools_framework/tests/scripts/zubair/UserTest.php" line="69" assertions="2" time="0.000030"/>
    <testcase name="testAddFavoriteMovie" class="Tests\Scripts\Zubair\UserTest" classname="Tests.Scripts.Zubair.UserTest" file="/Users/joshuauzzell/Sites/_prototypes/protools_framework/tests/scripts/zubair/UserTest.php" line="77" assertions="3" time="0.000540"/>
    <testcase name="testRemoveFavoriteMovie" class="Tests\Scripts\Zubair\UserTest" classname="Tests.Scripts.Zubair.UserTest" file="/Users/joshuauzzell/Sites/_prototypes/protools_framework/tests/scripts/zubair/UserTest.php" line="86" assertions="5" time="0.000567"/>
  </testsuite>
</testsuites>
