<?xml version="1.0" encoding="UTF-8"?>
<testsuites>
  <testsuite name="Tests\Scripts\Zubair\UserTest" file="/Users/joshuauzzell/Sites/_prototypes/protools_framework/tests/scripts/zubair/UserTest.php" tests="5" assertions="12" errors="1" warnings="0" failures="0" skipped="0" time="0.001708">
    <testcase name="testClassConstructor" class="Tests\Scripts\Zubair\UserTest" classname="Tests.Scripts.Zubair.UserTest" file="/Users/joshuauzzell/Sites/_prototypes/protools_framework/tests/scripts/zubair/UserTest.php" line="52" assertions="3" time="0.001118"/>
    <testcase name="testTellName" class="Tests\Scripts\Zubair\UserTest" classname="Tests.Scripts.Zubair.UserTest" file="/Users/joshuauzzell/Sites/_prototypes/protools_framework/tests/scripts/zubair/UserTest.php" line="61" assertions="2" time="0.000164"/>
    <testcase name="testTellAge" class="Tests\Scripts\Zubair\UserTest" classname="Tests.Scripts.Zubair.UserTest" file="/Users/joshuauzzell/Sites/_prototypes/protools_framework/tests/scripts/zubair/UserTest.php" line="69" assertions="2" time="0.000032"/>
    <testcase name="testAddFavoriteMovie" class="Tests\Scripts\Zubair\UserTest" classname="Tests.Scripts.Zubair.UserTest" file="/Users/joshuauzzell/Sites/_prototypes/protools_framework/tests/scripts/zubair/UserTest.php" line="77" assertions="3" time="0.000186"/>
    <testcase name="testRemoveFavoriteMovie" class="Tests\Scripts\Zubair\UserTest" classname="Tests.Scripts.Zubair.UserTest" file="/Users/joshuauzzell/Sites/_prototypes/protools_framework/tests/scripts/zubair/UserTest.php" line="86" assertions="2" time="0.000209">
      <error type="Error">Tests\Scripts\Zubair\UserTest::testRemoveFavoriteMovie
Error: Class "Tests\Scripts\Zubair\InvalidArgumentException" not found

/Users/joshuauzzell/Sites/_prototypes/protools_framework/tests/scripts/zubair/UserTest.php:42
/Users/joshuauzzell/Sites/_prototypes/protools_framework/tests/scripts/zubair/UserTest.php:93</error>
    </testcase>
  </testsuite>
</testsuites>
